[0.000000] (-) TimerEvent: {}
[0.001204] (health_bot_description) JobQueued: {'identifier': 'health_bot_description', 'dependencies': OrderedDict()}
[0.001376] (health_bot_description) JobStarted: {'identifier': 'health_bot_description'}
[0.013488] (health_bot_description) JobProgress: {'identifier': 'health_bot_description', 'progress': 'cmake'}
[0.014686] (health_bot_description) Command: {'cmd': ['/usr/bin/cmake', '/home/wube/health_bot_ws/src/health_bot_description', '-DCMAKE_INSTALL_PREFIX=/home/wube/health_bot_ws/install/health_bot_description'], 'cwd': '/home/wube/health_bot_ws/build/health_bot_description', 'env': OrderedDict({'LESSOPEN': '| /usr/bin/lesspipe %s', 'GZ_SIM_RESOURCE_PATH': '/opt/ros/jazzy/share', 'USER': 'wube', 'GZ_CONFIG_PATH': '/opt/ros/jazzy/opt/gz_sim_vendor/share/gz:/opt/ros/jazzy/opt/sdformat_vendor/share/gz:/opt/ros/jazzy/opt/gz_gui_vendor/share/gz:/opt/ros/jazzy/opt/gz_transport_vendor/share/gz:/opt/ros/jazzy/opt/gz_rendering_vendor/share/gz:/opt/ros/jazzy/opt/gz_plugin_vendor/share/gz:/opt/ros/jazzy/opt/gz_fuel_tools_vendor/share/gz:/opt/ros/jazzy/opt/gz_msgs_vendor/share/gz:/opt/ros/jazzy/opt/gz_common_vendor/share/gz', 'XDG_SESSION_TYPE': 'x11', 'CLUTTER_DISABLE_MIPMAPPED_TEXT': '1', 'SHLVL': '1', 'LD_LIBRARY_PATH': '/opt/ros/jazzy/opt/gz_sim_vendor/lib:/opt/ros/jazzy/opt/gz_sensors_vendor/lib:/opt/ros/jazzy/opt/gz_physics_vendor/lib:/opt/ros/jazzy/opt/sdformat_vendor/lib:/opt/ros/jazzy/opt/rviz_ogre_vendor/lib:/opt/ros/jazzy/lib/x86_64-linux-gnu:/opt/ros/jazzy/opt/gz_gui_vendor/lib:/opt/ros/jazzy/opt/gz_transport_vendor/lib:/opt/ros/jazzy/opt/gz_rendering_vendor/lib:/opt/ros/jazzy/opt/gz_plugin_vendor/lib:/opt/ros/jazzy/opt/gz_fuel_tools_vendor/lib:/opt/ros/jazzy/opt/gz_msgs_vendor/lib:/opt/ros/jazzy/opt/gz_common_vendor/lib:/opt/ros/jazzy/opt/gz_math_vendor/lib:/opt/ros/jazzy/opt/gz_utils_vendor/lib:/opt/ros/jazzy/opt/gz_tools_vendor/lib:/opt/ros/jazzy/opt/gz_ogre_next_vendor/lib:/opt/ros/jazzy/opt/gz_dartsim_vendor/lib:/opt/ros/jazzy/opt/gz_cmake_vendor/lib:/opt/ros/jazzy/lib', 'HOME': '/home/wube', 'CONDA_SHLVL': '0', 'OLDPWD': '/home/wube', 'DESKTOP_SESSION': 'ubuntu', 'NVM_BIN': '/home/wube/.nvm/versions/node/v22.16.0/bin', 'NVM_INC': '/home/wube/.nvm/versions/node/v22.16.0/include/node', 'ROS_PYTHON_VERSION': '3', 'GNOME_SHELL_SESSION_MODE': 'ubuntu', 'GTK_MODULES': 'gail:atk-bridge', 'SYSTEMD_EXEC_PID': '4323', 'GSM_SKIP_SSH_AGENT_WORKAROUND': 'true', 'DBUS_SESSION_BUS_ADDRESS': 'unix:path=/run/user/1000/bus', 'COLORTERM': 'truecolor', '_CE_M': '', '_CONDA_ROOT': '/home/wube/anaconda3', 'NVM_DIR': '/home/wube/.nvm', 'DEBUGINFOD_URLS': 'https://debuginfod.ubuntu.com', 'ROS_DISTRO': 'jazzy', 'LOGNAME': 'wube', '_': '/usr/bin/colcon', 'ROS_VERSION': '2', 'MEMORY_PRESSURE_WATCH': '/sys/fs/cgroup/user.slice/user-1000.slice/user@1000.service/session.slice/org.gnome.Shell@x11.service/memory.pressure', 'XDG_SESSION_CLASS': 'user', 'USERNAME': 'wube', 'TERM': 'xterm-256color', 'GNOME_DESKTOP_SESSION_ID': 'this-is-deprecated', '_CE_CONDA': '', 'WINDOWPATH': '2', 'PATH': '/opt/ros/jazzy/opt/gz_msgs_vendor/bin:/opt/ros/jazzy/opt/gz_tools_vendor/bin:/opt/ros/jazzy/opt/gz_ogre_next_vendor/bin:/opt/ros/jazzy/bin:/home/wube/anaconda3/condabin:/home/wube/.fly/bin:/home/wube/.nvm/versions/node/v22.16.0/bin:/usr/local/sbin:/usr/local/bin:/usr/sbin:/usr/bin:/sbin:/bin:/usr/games:/usr/local/games:/snap/bin:/snap/bin:/usr/local/go/bin', 'SESSION_MANAGER': 'local/wube-Victus-by-HP-Laptop-16-d0xxx:@/tmp/.ICE-unix/4260,unix/wube-Victus-by-HP-Laptop-16-d0xxx:/tmp/.ICE-unix/4260', 'XDG_MENU_PREFIX': 'gnome-', 'GNOME_TERMINAL_SCREEN': '/org/gnome/Terminal/screen/5fc92619_00fe_4194_a963_865b2c96924c', 'XDG_RUNTIME_DIR': '/run/user/1000', 'DISPLAY': ':1', 'LANG': 'en_US.UTF-8', 'XDG_CURRENT_DESKTOP': 'ubuntu:GNOME', 'XMODIFIERS': '@im=ibus', 'XDG_SESSION_DESKTOP': 'ubuntu', 'XAUTHORITY': '/run/user/1000/gdm/Xauthority', 'LS_COLORS': 'rs=0:di=01;34:ln=01;36:mh=00:pi=40;33:so=01;35:do=01;35:bd=40;33;01:cd=40;33;01:or=40;31;01:mi=00:su=37;41:sg=30;43:ca=00:tw=30;42:ow=34;42:st=37;44:ex=01;32:*.tar=01;31:*.tgz=01;31:*.arc=01;31:*.arj=01;31:*.taz=01;31:*.lha=01;31:*.lz4=01;31:*.lzh=01;31:*.lzma=01;31:*.tlz=01;31:*.txz=01;31:*.tzo=01;31:*.t7z=01;31:*.zip=01;31:*.z=01;31:*.dz=01;31:*.gz=01;31:*.lrz=01;31:*.lz=01;31:*.lzo=01;31:*.xz=01;31:*.zst=01;31:*.tzst=01;31:*.bz2=01;31:*.bz=01;31:*.tbz=01;31:*.tbz2=01;31:*.tz=01;31:*.deb=01;31:*.rpm=01;31:*.jar=01;31:*.war=01;31:*.ear=01;31:*.sar=01;31:*.rar=01;31:*.alz=01;31:*.ace=01;31:*.zoo=01;31:*.cpio=01;31:*.7z=01;31:*.rz=01;31:*.cab=01;31:*.wim=01;31:*.swm=01;31:*.dwm=01;31:*.esd=01;31:*.avif=01;35:*.jpg=01;35:*.jpeg=01;35:*.mjpg=01;35:*.mjpeg=01;35:*.gif=01;35:*.bmp=01;35:*.pbm=01;35:*.pgm=01;35:*.ppm=01;35:*.tga=01;35:*.xbm=01;35:*.xpm=01;35:*.tif=01;35:*.tiff=01;35:*.png=01;35:*.svg=01;35:*.svgz=01;35:*.mng=01;35:*.pcx=01;35:*.mov=01;35:*.mpg=01;35:*.mpeg=01;35:*.m2v=01;35:*.mkv=01;35:*.webm=01;35:*.webp=01;35:*.ogm=01;35:*.mp4=01;35:*.m4v=01;35:*.mp4v=01;35:*.vob=01;35:*.qt=01;35:*.nuv=01;35:*.wmv=01;35:*.asf=01;35:*.rm=01;35:*.rmvb=01;35:*.flc=01;35:*.avi=01;35:*.fli=01;35:*.flv=01;35:*.gl=01;35:*.dl=01;35:*.xcf=01;35:*.xwd=01;35:*.yuv=01;35:*.cgm=01;35:*.emf=01;35:*.ogv=01;35:*.ogx=01;35:*.aac=00;36:*.au=00;36:*.flac=00;36:*.m4a=00;36:*.mid=00;36:*.midi=00;36:*.mka=00;36:*.mp3=00;36:*.mpc=00;36:*.ogg=00;36:*.ra=00;36:*.wav=00;36:*.oga=00;36:*.opus=00;36:*.spx=00;36:*.xspf=00;36:*~=00;90:*#=00;90:*.bak=00;90:*.crdownload=00;90:*.dpkg-dist=00;90:*.dpkg-new=00;90:*.dpkg-old=00;90:*.dpkg-tmp=00;90:*.old=00;90:*.orig=00;90:*.part=00;90:*.rej=00;90:*.rpmnew=00;90:*.rpmorig=00;90:*.rpmsave=00;90:*.swp=00;90:*.tmp=00;90:*.ucf-dist=00;90:*.ucf-new=00;90:*.ucf-old=00;90:', 'GNOME_TERMINAL_SERVICE': ':1.116', 'SSH_AUTH_SOCK': '/run/user/1000/keyring/ssh', 'AMENT_PREFIX_PATH': '/opt/ros/jazzy', 'CONDA_PYTHON_EXE': '/home/wube/anaconda3/bin/python', 'SHELL': '/bin/bash', 'QT_ACCESSIBILITY': '1', 'FLYCTL_INSTALL': '/home/wube/.fly', 'GDMSESSION': 'ubuntu', 'LESSCLOSE': '/usr/bin/lesspipe %s %s', 'GPG_AGENT_INFO': '/run/user/1000/gnupg/S.gpg-agent:0:1', '_CONDA_EXE': '/home/wube/anaconda3/bin/conda', 'ROS_AUTOMATIC_DISCOVERY_RANGE': 'SUBNET', 'QT_IM_MODULE': 'ibus', 'PWD': '/home/wube/health_bot_ws/build/health_bot_description', 'XDG_CONFIG_DIRS': '/etc/xdg/xdg-ubuntu:/etc/xdg', 'CONDA_EXE': '/home/wube/anaconda3/bin/conda', 'NVM_CD_FLAGS': '', 'XDG_DATA_DIRS': '/usr/share/ubuntu:/usr/share/gnome:/usr/local/share/:/usr/share/:/var/lib/snapd/desktop', 'PYTHONPATH': '/opt/ros/jazzy/lib/python3.12/site-packages', 'COLCON': '1', 'MEMORY_PRESSURE_WRITE': 'c29tZSAyMDAwMDAgMjAwMDAwMAA=', 'VTE_VERSION': '7600', 'CMAKE_PREFIX_PATH': '/opt/ros/jazzy/opt/gz_sim_vendor:/opt/ros/jazzy/opt/gz_sensors_vendor:/opt/ros/jazzy/opt/gz_physics_vendor:/opt/ros/jazzy/opt/sdformat_vendor:/opt/ros/jazzy/opt/gz_gui_vendor:/opt/ros/jazzy/opt/gz_transport_vendor:/opt/ros/jazzy/opt/gz_rendering_vendor:/opt/ros/jazzy/opt/gz_plugin_vendor:/opt/ros/jazzy/opt/gz_fuel_tools_vendor:/opt/ros/jazzy/opt/gz_msgs_vendor:/opt/ros/jazzy/opt/gz_common_vendor:/opt/ros/jazzy/opt/gz_math_vendor:/opt/ros/jazzy/opt/gz_utils_vendor:/opt/ros/jazzy/opt/gz_tools_vendor:/opt/ros/jazzy/opt/gz_ogre_next_vendor:/opt/ros/jazzy/opt/gz_dartsim_vendor:/opt/ros/jazzy/opt/gz_cmake_vendor'}), 'shell': False}
[0.042052] (health_bot_description) StdoutLine: {'line': b'-- Found ament_cmake: 2.5.5 (/opt/ros/jazzy/share/ament_cmake/cmake)\n'}
[0.099741] (-) TimerEvent: {}
[0.200215] (-) TimerEvent: {}
[0.300669] (-) TimerEvent: {}
[0.401150] (-) TimerEvent: {}
[0.462665] (health_bot_description) StdoutLine: {'line': b'-- Found ament_lint_auto: 0.17.4 (/opt/ros/jazzy/share/ament_lint_auto/cmake)\n'}
[0.501366] (-) TimerEvent: {}
[0.601759] (-) TimerEvent: {}
[0.602392] (health_bot_description) StderrLine: {'line': b"Error parsing '/home/wube/health_bot_ws/src/health_bot_description/package.xml':\n"}
[0.701969] (-) TimerEvent: {}
[0.802435] (-) TimerEvent: {}
[0.902824] (-) TimerEvent: {}
[1.003312] (-) TimerEvent: {}
[1.103962] (-) TimerEvent: {}
[1.204511] (-) TimerEvent: {}
[1.305096] (-) TimerEvent: {}
[1.405750] (-) TimerEvent: {}
[1.506318] (-) TimerEvent: {}
[1.606852] (-) TimerEvent: {}
[1.707388] (-) TimerEvent: {}
[1.807907] (-) TimerEvent: {}
[1.908499] (-) TimerEvent: {}
[2.008962] (-) TimerEvent: {}
[2.109556] (-) TimerEvent: {}
[2.210106] (-) TimerEvent: {}
[2.310686] (-) TimerEvent: {}
[2.411156] (-) TimerEvent: {}
[2.511622] (-) TimerEvent: {}
[2.612063] (-) TimerEvent: {}
[2.712576] (-) TimerEvent: {}
[2.813097] (-) TimerEvent: {}
[2.913675] (-) TimerEvent: {}
[3.014160] (-) TimerEvent: {}
[3.114790] (-) TimerEvent: {}
[3.215326] (-) TimerEvent: {}
[3.315909] (-) TimerEvent: {}
[3.416472] (-) TimerEvent: {}
[3.517031] (-) TimerEvent: {}
[3.617614] (-) TimerEvent: {}
[3.718154] (-) TimerEvent: {}
[3.818749] (-) TimerEvent: {}
[3.919341] (-) TimerEvent: {}
[4.019869] (-) TimerEvent: {}
[4.050320] (health_bot_description) StderrLine: {'line': b'Traceback (most recent call last):\n'}
[4.050887] (health_bot_description) StderrLine: {'line': b'  File "/usr/lib/python3/dist-packages/catkin_pkg/package.py", line 610, in parse_package_string\n'}
[4.051196] (health_bot_description) StderrLine: {'line': b'    root = dom.parseString(data)\n'}
[4.051433] (health_bot_description) StderrLine: {'line': b'           ^^^^^^^^^^^^^^^^^^^^^\n'}
[4.051644] (health_bot_description) StderrLine: {'line': b'  File "/usr/lib/python3.12/xml/dom/minidom.py", line 2000, in parseString\n'}
[4.051907] (health_bot_description) StderrLine: {'line': b'    return expatbuilder.parseString(string)\n'}
[4.052134] (health_bot_description) StderrLine: {'line': b'           ^^^^^^^^^^^^^^^^^^^^^^^^^^^^^^^^\n'}
[4.052376] (health_bot_description) StderrLine: {'line': b'  File "/usr/lib/python3.12/xml/dom/expatbuilder.py", line 922, in parseString\n'}
[4.052533] (health_bot_description) StderrLine: {'line': b'    return builder.parseString(string)\n'}
[4.052827] (health_bot_description) StderrLine: {'line': b'           ^^^^^^^^^^^^^^^^^^^^^^^^^^^\n'}
[4.052991] (health_bot_description) StderrLine: {'line': b'  File "/usr/lib/python3.12/xml/dom/expatbuilder.py", line 220, in parseString\n'}
[4.053141] (health_bot_description) StderrLine: {'line': b'    parser.Parse(string, True)\n'}
[4.053341] (health_bot_description) StderrLine: {'line': b'xml.parsers.expat.ExpatError: not well-formed (invalid token): line 7, column 47\n'}
[4.053498] (health_bot_description) StderrLine: {'line': b'\n'}
[4.053653] (health_bot_description) StderrLine: {'line': b'During handling of the above exception, another exception occurred:\n'}
[4.053806] (health_bot_description) StderrLine: {'line': b'\n'}
[4.053960] (health_bot_description) StderrLine: {'line': b'Traceback (most recent call last):\n'}
[4.054133] (health_bot_description) StderrLine: {'line': b'  File "/opt/ros/jazzy/share/ament_cmake_core/cmake/core/package_xml_2_cmake.py", line 150, in <module>\n'}
[4.054311] (health_bot_description) StderrLine: {'line': b'    main()\n'}
[4.054466] (health_bot_description) StderrLine: {'line': b'  File "/opt/ros/jazzy/share/ament_cmake_core/cmake/core/package_xml_2_cmake.py", line 53, in main\n'}
[4.054619] (health_bot_description) StderrLine: {'line': b'    raise e\n'}
[4.054767] (health_bot_description) StderrLine: {'line': b'  File "/opt/ros/jazzy/share/ament_cmake_core/cmake/core/package_xml_2_cmake.py", line 49, in main\n'}
[4.055015] (health_bot_description) StderrLine: {'line': b'    package = parse_package_string(\n'}
[4.055163] (health_bot_description) StderrLine: {'line': b'              ^^^^^^^^^^^^^^^^^^^^^\n'}
[4.055324] (health_bot_description) StderrLine: {'line': b'  File "/usr/lib/python3/dist-packages/catkin_pkg/package.py", line 612, in parse_package_string\n'}
[4.055467] (health_bot_description) StderrLine: {'line': b"    raise InvalidPackage('The manifest contains invalid XML:\\n%s' % ex, filename)\n"}
[4.055608] (health_bot_description) StderrLine: {'line': b"catkin_pkg.package.InvalidPackage: Error(s) in package '/home/wube/health_bot_ws/src/health_bot_description/package.xml':\n"}
[4.055749] (health_bot_description) StderrLine: {'line': b'The manifest contains invalid XML:\n'}
[4.055885] (health_bot_description) StderrLine: {'line': b'not well-formed (invalid token): line 7, column 47\n'}
[4.120023] (-) TimerEvent: {}
[4.137391] (health_bot_description) StderrLine: {'line': b'\x1b[31mCMake Error at /opt/ros/jazzy/share/ament_cmake_core/cmake/core/ament_package_xml.cmake:95 (message):\n'}
[4.137805] (health_bot_description) StderrLine: {'line': b'  execute_process(/usr/bin/python3\n'}
[4.137958] (health_bot_description) StderrLine: {'line': b'  /opt/ros/jazzy/share/ament_cmake_core/cmake/core/package_xml_2_cmake.py\n'}
[4.138097] (health_bot_description) StderrLine: {'line': b'  /home/wube/health_bot_ws/src/health_bot_description/package.xml\n'}
[4.138261] (health_bot_description) StderrLine: {'line': b'  /home/wube/health_bot_ws/build/health_bot_description/ament_cmake_core/package.cmake)\n'}
[4.138392] (health_bot_description) StderrLine: {'line': b'  returned error code 1\n'}
[4.138522] (health_bot_description) StderrLine: {'line': b'Call Stack (most recent call first):\n'}
[4.138652] (health_bot_description) StderrLine: {'line': b'  /opt/ros/jazzy/share/ament_cmake_core/cmake/core/ament_package_xml.cmake:49 (_ament_package_xml)\n'}
[4.138783] (health_bot_description) StderrLine: {'line': b'  /opt/ros/jazzy/share/ament_lint_auto/cmake/ament_lint_auto_find_test_dependencies.cmake:31 (ament_package_xml)\n'}
[4.138912] (health_bot_description) StderrLine: {'line': b'  CMakeLists.txt:23 (ament_lint_auto_find_test_dependencies)\n'}
[4.139041] (health_bot_description) StderrLine: {'line': b'\n'}
[4.139173] (health_bot_description) StderrLine: {'line': b'\x1b[0m\n'}
[4.139325] (health_bot_description) StdoutLine: {'line': b'-- Configuring incomplete, errors occurred!\n'}
[4.143852] (health_bot_description) CommandEnded: {'returncode': 1}
[4.144954] (health_bot_description) JobEnded: {'identifier': 'health_bot_description', 'rc': 1}
[4.146842] (-) EventReactorShutdown: {}
